<testsuites name="jest tests" tests="1" failures="0" time="1.169">
  <testsuite name="undefined" errors="0" failures="0" skipped="0" timestamp="2022-08-14T11:46:04" time="1.169" tests="1">
    <testcase classname=" renders without crashing" name=" renders without crashing" time="0.028">
    </testcase>
  </testsuite>
</testsuites>